2022-06-09 11:01:04,045 [INFO] com.luv2code.ecommerce.SpringBootEcommerceApplication [main] Starting SpringBootEcommerceApplication using Java 15.0.1 on DESKTOP-5DR56F4 with PID 54972 (C:\Users\nlsam\Documents\ecommerce-project\02-backend\spring-boot-ecommerce\target\classes started by nlsam in C:\Users\nlsam\Documents\ecommerce-project\02-backend\spring-boot-ecommerce)
2022-06-09 11:01:04,048 [INFO] com.luv2code.ecommerce.SpringBootEcommerceApplication [main] No active profile set, falling back to 1 default profile: "default"
2022-06-09 11:01:04,823 [INFO] org.springframework.data.repository.config.RepositoryConfigurationDelegate [main] Bootstrapping Spring Data JPA repositories in DEFAULT mode.
2022-06-09 11:01:04,905 [INFO] org.springframework.data.repository.config.RepositoryConfigurationDelegate [main] Finished Spring Data repository scanning in 71 ms. Found 6 JPA repository interfaces.
2022-06-09 11:01:05,854 [INFO] org.springframework.boot.web.embedded.tomcat.TomcatWebServer [main] Tomcat initialized with port(s): 8443 (https)
2022-06-09 11:01:05,865 [INFO] org.apache.catalina.core.StandardService [main] Starting service [Tomcat]
2022-06-09 11:01:05,865 [INFO] org.apache.catalina.core.StandardEngine [main] Starting Servlet engine: [Apache Tomcat/9.0.63]
2022-06-09 11:01:06,139 [INFO] org.apache.catalina.core.ContainerBase.[Tomcat].[localhost].[/] [main] Initializing Spring embedded WebApplicationContext
2022-06-09 11:01:06,140 [INFO] org.springframework.boot.web.servlet.context.ServletWebServerApplicationContext [main] Root WebApplicationContext: initialization completed in 2033 ms
2022-06-09 11:01:06,426 [INFO] com.zaxxer.hikari.HikariDataSource [main] HikariPool-1 - Starting...
2022-06-09 11:01:06,785 [INFO] com.zaxxer.hikari.HikariDataSource [main] HikariPool-1 - Start completed.
2022-06-09 11:01:06,876 [INFO] org.hibernate.jpa.internal.util.LogHelper [main] HHH000204: Processing PersistenceUnitInfo [name: default]
2022-06-09 11:01:07,002 [INFO] org.hibernate.Version [main] HHH000412: Hibernate ORM core version 5.6.9.Final
2022-06-09 11:01:07,385 [INFO] org.hibernate.annotations.common.Version [main] HCANN000001: Hibernate Commons Annotations {5.1.2.Final}
2022-06-09 11:01:07,539 [INFO] org.hibernate.dialect.Dialect [main] HHH000400: Using dialect: org.hibernate.dialect.MySQL8Dialect
2022-06-09 11:01:08,451 [INFO] org.hibernate.engine.transaction.jta.platform.internal.JtaPlatformInitiator [main] HHH000490: Using JtaPlatform implementation: [org.hibernate.engine.transaction.jta.platform.internal.NoJtaPlatform]
2022-06-09 11:01:08,463 [INFO] org.springframework.orm.jpa.LocalContainerEntityManagerFactoryBean [main] Initialized JPA EntityManagerFactory for persistence unit 'default'
2022-06-09 11:01:08,597 [WARN] org.springframework.boot.autoconfigure.orm.jpa.JpaBaseConfiguration$JpaWebConfiguration [main] spring.jpa.open-in-view is enabled by default. Therefore, database queries may be performed during view rendering. Explicitly configure spring.jpa.open-in-view to disable this warning
2022-06-09 11:01:12,226 [INFO] org.springframework.security.web.DefaultSecurityFilterChain [main] Will secure any request with [org.springframework.security.web.session.DisableEncodeUrlFilter@b8e6981, org.springframework.security.web.context.request.async.WebAsyncManagerIntegrationFilter@1e40edb7, org.springframework.security.web.context.SecurityContextPersistenceFilter@386ec37d, org.springframework.security.web.header.HeaderWriterFilter@44f8d884, org.springframework.web.filter.CorsFilter@27381497, org.springframework.security.web.authentication.logout.LogoutFilter@25df95b, org.springframework.security.oauth2.client.web.OAuth2AuthorizationRequestRedirectFilter@21139739, org.springframework.security.oauth2.client.web.OAuth2LoginAuthenticationFilter@524241d9, org.springframework.security.web.authentication.ui.DefaultLoginPageGeneratingFilter@179e8859, org.springframework.security.web.authentication.ui.DefaultLogoutPageGeneratingFilter@282c0891, org.springframework.security.oauth2.server.resource.web.BearerTokenAuthenticationFilter@6d4b09c7, org.springframework.security.web.savedrequest.RequestCacheAwareFilter@51a8aed8, org.springframework.security.web.servletapi.SecurityContextHolderAwareRequestFilter@6179af64, org.springframework.security.web.authentication.AnonymousAuthenticationFilter@5096be74, org.springframework.security.web.session.SessionManagementFilter@136a5572, org.springframework.security.web.access.ExceptionTranslationFilter@3299e315, org.springframework.security.web.access.intercept.FilterSecurityInterceptor@67d6bb59]
2022-06-09 11:01:12,634 [INFO] org.springframework.boot.web.embedded.tomcat.TomcatWebServer [main] Tomcat started on port(s): 8443 (https) with context path ''
2022-06-09 11:01:12,644 [INFO] com.luv2code.ecommerce.SpringBootEcommerceApplication [main] Started SpringBootEcommerceApplication in 9.035 seconds (JVM running for 9.664)
2022-06-09 11:01:19,473 [INFO] org.apache.catalina.core.ContainerBase.[Tomcat].[localhost].[/] [https-jsse-nio-8443-exec-6] Initializing Spring DispatcherServlet 'dispatcherServlet'
2022-06-09 11:01:19,474 [INFO] org.springframework.web.servlet.DispatcherServlet [https-jsse-nio-8443-exec-6] Initializing Servlet 'dispatcherServlet'
2022-06-09 11:01:19,475 [INFO] org.springframework.web.servlet.DispatcherServlet [https-jsse-nio-8443-exec-6] Completed initialization in 1 ms
2022-06-09 11:01:19,614 [INFO] com.luv2code.ecommerce.controller.CheckoutController [https-jsse-nio-8443-exec-6] Currently processing the purchase
2022-06-09 11:01:19,912 [INFO] com.luv2code.ecommerce.controller.CheckoutController [https-jsse-nio-8443-exec-6] Order Successful
2022-06-09 11:01:19,912 [INFO] com.luv2code.ecommerce.controller.CheckoutController [https-jsse-nio-8443-exec-6] Order number is  c394f8c0-ed53-4b54-a161-f0dd74d2e488
